-------------------------------------------------------------------------------
Test set: com.me.SamlApplicationTests
-------------------------------------------------------------------------------
Tests run: 1, Failures: 0, Errors: 1, Skipped: 0, Time elapsed: 2.328 s <<< FAILURE! - in com.me.SamlApplicationTests
contextLoads(com.me.SamlApplicationTests)  Time elapsed: 0.001 s  <<< ERROR!
java.lang.IllegalStateException: Failed to load ApplicationContext
Caused by: org.springframework.beans.factory.BeanCreationException: Error creating bean with name 'sAMLBootstrap' defined in class path resource [com/me/AuthConfig.class]: Bean instantiation via factory method failed; nested exception is org.springframework.beans.BeanInstantiationException: Failed to instantiate [org.springframework.security.saml.SAMLBootstrap]: Factory method 'sAMLBootstrap' threw exception; nested exception is java.lang.NoClassDefFoundError: org/springframework/beans/factory/access/BootstrapException
Caused by: org.springframework.beans.BeanInstantiationException: Failed to instantiate [org.springframework.security.saml.SAMLBootstrap]: Factory method 'sAMLBootstrap' threw exception; nested exception is java.lang.NoClassDefFoundError: org/springframework/beans/factory/access/BootstrapException
Caused by: java.lang.NoClassDefFoundError: org/springframework/beans/factory/access/BootstrapException
Caused by: java.lang.ClassNotFoundException: org.springframework.beans.factory.access.BootstrapException

